Using pre-set license
Built from '2020.2/staging' branch; Version is '2020.2.0b8 (dff91d65251a) revision 14678301'; Using compiler version '192528614'; Build Type 'Release'
OS: 'Windows 10  (10.0.0) 64bit' Language: 'en' Physical Memory: 16317 MB
BatchMode: 1, IsHumanControllingUs: 0, StartBugReporterOnCrash: 0, Is64bit: 1, IsPro: 0

 COMMAND LINE ARGUMENTS:
A:\Program Files\Unity\Hub\Editor\2020.2.0b8\Editor\Unity.exe
-adb2
-batchMode
-noUpm
-name
AssetImportWorker0
-projectPath
A:/2DRoguelike/2D-roguelike-2/2D Roguelike 2
-logFile
Logs/AssetImportWorker0.log
-srvPort
50950
Successfully changed project path to: A:/2DRoguelike/2D-roguelike-2/2D Roguelike 2
A:/2DRoguelike/2D-roguelike-2/2D Roguelike 2
Using Asset Import Pipeline V2.
Refreshing native plugins compatible for Editor in 52.95 ms, found 1 plugins.
Preloading 0 native plugins for Editor in 0.00 ms.
Initialize engine version: 2020.2.0b8 (dff91d65251a)
[Subsystems] Discovering subsystems at path A:/Program Files/Unity/Hub/Editor/2020.2.0b8/Editor/Data/Resources/UnitySubsystems
[Subsystems] Discovering subsystems at path A:/2DRoguelike/2D-roguelike-2/2D Roguelike 2/Assets
GfxDevice: creating device client; threaded=0
Direct3D:
    Version:  Direct3D 11.0 [level 11.1]
    Renderer: NVIDIA GeForce RTX 3080 (ID=0x2206)
    Vendor:   
    VRAM:     10077 MB
    Driver:   27.21.14.5709
Shader 'Universal Render Pipeline/Particles/Lit': fallback shader 'Universal Render Pipeline/Particles/SimpleLit' not found
Initialize mono
Mono path[0] = 'A:/Program Files/Unity/Hub/Editor/2020.2.0b8/Editor/Data/Managed'
Mono path[1] = 'A:/Program Files/Unity/Hub/Editor/2020.2.0b8/Editor/Data/MonoBleedingEdge/lib/mono/unityjit'
Mono config path = 'A:/Program Files/Unity/Hub/Editor/2020.2.0b8/Editor/Data/MonoBleedingEdge/etc'
Using monoOptions --debugger-agent=transport=dt_socket,embedding=1,server=y,suspend=n,address=127.0.0.1:56696
Begin MonoManager ReloadAssembly
Registering precompiled unity dll's ...
Register platform support module: A:/Program Files/Unity/Hub/Editor/2020.2.0b8/Editor/Data/PlaybackEngines/WindowsStandaloneSupport/UnityEditor.WindowsStandalone.Extensions.dll
Registered in 0.001091 seconds.
Native extension for WindowsStandalone target not found
Refreshing native plugins compatible for Editor in 48.17 ms, found 1 plugins.
Preloading 0 native plugins for Editor in 0.00 ms.
Invoked RoslynAnalysisRunner static constructor.
RoslynAnalysisRunner will not be running.
RoslynAnalysisRunner has terminated.
Mono: successfully reloaded assembly
- Completed reload, in  1.177 seconds
Platform modules already initialized, skipping
Registering precompiled user dll's ...
Registered in 0.001356 seconds.
Begin MonoManager ReloadAssembly
Symbol file LoadedFromMemory doesn't match image A:\2DRoguelike\2D-roguelike-2\2D Roguelike 2\Library\PackageCache\com.unity.ext.nunit@1.0.0\net35\unity-custom\nunit.framework.dll
Native extension for WindowsStandalone target not found
Refreshing native plugins compatible for Editor in 57.78 ms, found 1 plugins.
Preloading 0 native plugins for Editor in 0.00 ms.
Invoked RoslynAnalysisRunner static constructor.
RoslynAnalysisRunner will not be running.
RoslynAnalysisRunner has terminated.
Mono: successfully reloaded assembly
- Completed reload, in  0.966 seconds
Platform modules already initialized, skipping
========================================================================
Worker process is ready to serve import requests
Shader 'Universal Render Pipeline/Particles/Lit': fallback shader 'Universal Render Pipeline/Particles/SimpleLit' not found
Launched and connected shader compiler UnityShaderCompiler.exe after 0.03 seconds
Refreshing native plugins compatible for Editor in 0.45 ms, found 1 plugins.
Preloading 0 native plugins for Editor in 0.00 ms.
Unloading 2878 Unused Serialized files (Serialized files now loaded: 0)
System memory in use before: 125.0 MB.
System memory in use after: 125.1 MB.

Unloading 25 unused Assets to reduce memory usage. Loaded Objects now: 3317.
Total: 2.975500 ms (FindLiveObjects: 0.718000 ms CreateObjectMapping: 0.334000 ms MarkObjects: 1.814500 ms  DeleteObjects: 0.107800 ms)

========================================================================
Received Import Request.
  path: ProjectSettings/TagManager.asset
  artifactKey: Guid(00000000000000003000000000000000) Importer(815301076,1909f56bfc062723c751e8b465ee728b)
Start importing ProjectSettings/TagManager.asset using Guid(00000000000000003000000000000000) Importer(815301076,1909f56bfc062723c751e8b465ee728b)  -> (artifact id: '6e5fb33d4831c3e4433a3b6d257c2ea9') in 0.032973 seconds
  Import took 0.038478 seconds .

========================================================================
Received Import Request.
  Time since last request: 70.183050 seconds.
  path: Assets/Prefabs/Enemy2.prefab
  artifactKey: Guid(57b80be5b70c246459459d876052f62a) Importer(815301076,1909f56bfc062723c751e8b465ee728b)
Start importing Assets/Prefabs/Enemy2.prefab using Guid(57b80be5b70c246459459d876052f62a) Importer(815301076,1909f56bfc062723c751e8b465ee728b)  -> (artifact id: 'f79ed7b0839b817a127b84890b613d04') in 0.021513 seconds
  Import took 0.027297 seconds .

========================================================================
Received Import Request.
  Time since last request: 4.400856 seconds.
  path: Assets/Prefabs/Enemy1.prefab
  artifactKey: Guid(ff7e18c5d4c8ebf4984443ff2a51fa66) Importer(815301076,1909f56bfc062723c751e8b465ee728b)
Start importing Assets/Prefabs/Enemy1.prefab using Guid(ff7e18c5d4c8ebf4984443ff2a51fa66) Importer(815301076,1909f56bfc062723c751e8b465ee728b)  -> (artifact id: '004006be3845b2e49e58cd00bb2ddefe') in 0.007571 seconds
  Import took 0.012435 seconds .

========================================================================
Received Import Request.
  Time since last request: 0.002261 seconds.
  path: Assets/Prefabs/Enemy1.prefab
  artifactKey: Guid(ff7e18c5d4c8ebf4984443ff2a51fa66) Importer(815301076,1909f56bfc062723c751e8b465ee728b)
Start importing Assets/Prefabs/Enemy1.prefab using Guid(ff7e18c5d4c8ebf4984443ff2a51fa66) Importer(815301076,1909f56bfc062723c751e8b465ee728b)  -> (artifact id: '004006be3845b2e49e58cd00bb2ddefe') in 0.006800 seconds
  Import took 0.011598 seconds .

========================================================================
Received Import Request.
  Time since last request: 6.133182 seconds.
  path: Assets/Prefabs/Exit.prefab
  artifactKey: Guid(b7473153198b58343b3ab37271cf42f9) Importer(815301076,1909f56bfc062723c751e8b465ee728b)
Start importing Assets/Prefabs/Exit.prefab using Guid(b7473153198b58343b3ab37271cf42f9) Importer(815301076,1909f56bfc062723c751e8b465ee728b)  -> (artifact id: '4c353e6db2dde7b203160434fae5ac0d') in 0.057279 seconds
  Import took 0.061872 seconds .

========================================================================
Received Import Request.
  Time since last request: 45.148863 seconds.
  path: Assets/Prefabs/Floor1.prefab
  artifactKey: Guid(467481da343ca0e49920f0d3fe5722f2) Importer(815301076,1909f56bfc062723c751e8b465ee728b)
Start importing Assets/Prefabs/Floor1.prefab using Guid(467481da343ca0e49920f0d3fe5722f2) Importer(815301076,1909f56bfc062723c751e8b465ee728b)  -> (artifact id: 'a1b56ac34cb912baf61250d81342781d') in 0.024175 seconds
  Import took 0.029470 seconds .

========================================================================
Received Import Request.
  Time since last request: 2.277245 seconds.
  path: Assets/Prefabs/Floor2.prefab
  artifactKey: Guid(283d9f65a450199448b1029ad76c9f75) Importer(815301076,1909f56bfc062723c751e8b465ee728b)
Start importing Assets/Prefabs/Floor2.prefab using Guid(283d9f65a450199448b1029ad76c9f75) Importer(815301076,1909f56bfc062723c751e8b465ee728b)  -> (artifact id: 'ec72fbdc188761801bfac58b26b589b0') in 0.015781 seconds
  Import took 0.021688 seconds .

========================================================================
Received Import Request.
  Time since last request: 2.775419 seconds.
  path: Assets/Prefabs/Floor3.prefab
  artifactKey: Guid(279f9b5f7e30b9b4a891021f640e3014) Importer(815301076,1909f56bfc062723c751e8b465ee728b)
Start importing Assets/Prefabs/Floor3.prefab using Guid(279f9b5f7e30b9b4a891021f640e3014) Importer(815301076,1909f56bfc062723c751e8b465ee728b)  -> (artifact id: '8147f236c691b8f205016d9b85ffd1fc') in 0.014986 seconds
  Import took 0.020046 seconds .

========================================================================
Received Import Request.
  Time since last request: 2.418662 seconds.
  path: Assets/Prefabs/Floor4.prefab
  artifactKey: Guid(7f9c2c758731e5e418e650d77db16d04) Importer(815301076,1909f56bfc062723c751e8b465ee728b)
Start importing Assets/Prefabs/Floor4.prefab using Guid(7f9c2c758731e5e418e650d77db16d04) Importer(815301076,1909f56bfc062723c751e8b465ee728b)  -> (artifact id: 'd53bbaf3e977bf0caa3b37e9b5510480') in 0.012979 seconds
  Import took 0.018460 seconds .

========================================================================
Received Import Request.
  Time since last request: 2.577656 seconds.
  path: Assets/Prefabs/Floor5.prefab
  artifactKey: Guid(ab8a3da9e18a01d489751b342913bc42) Importer(815301076,1909f56bfc062723c751e8b465ee728b)
Start importing Assets/Prefabs/Floor5.prefab using Guid(ab8a3da9e18a01d489751b342913bc42) Importer(815301076,1909f56bfc062723c751e8b465ee728b)  -> (artifact id: '0b2b107f620ea26fe62c01e7dc512af4') in 0.012952 seconds
  Import took 0.017666 seconds .

========================================================================
Received Import Request.
  Time since last request: 2.744799 seconds.
  path: Assets/Prefabs/Floor6.prefab
  artifactKey: Guid(4a2679fefcf177444943502c579ceb7e) Importer(815301076,1909f56bfc062723c751e8b465ee728b)
Start importing Assets/Prefabs/Floor6.prefab using Guid(4a2679fefcf177444943502c579ceb7e) Importer(815301076,1909f56bfc062723c751e8b465ee728b)  -> (artifact id: 'dafd875428da23b636cb953df146c5a8') in 0.017704 seconds
  Import took 0.022493 seconds .

========================================================================
Received Import Request.
  Time since last request: 2.534269 seconds.
  path: Assets/Prefabs/Floor7.prefab
  artifactKey: Guid(b0440481c687c7646b0fdb173460bded) Importer(815301076,1909f56bfc062723c751e8b465ee728b)
Start importing Assets/Prefabs/Floor7.prefab using Guid(b0440481c687c7646b0fdb173460bded) Importer(815301076,1909f56bfc062723c751e8b465ee728b)  -> (artifact id: '8520d7154492a8db35b36ebe435c3b0f') in 0.018944 seconds
  Import took 0.025914 seconds .

========================================================================
Received Import Request.
  Time since last request: 3.119441 seconds.
  path: Assets/Prefabs/Floor8.prefab
  artifactKey: Guid(0a8005649ddb52247805942ff14c790d) Importer(815301076,1909f56bfc062723c751e8b465ee728b)
Start importing Assets/Prefabs/Floor8.prefab using Guid(0a8005649ddb52247805942ff14c790d) Importer(815301076,1909f56bfc062723c751e8b465ee728b)  -> (artifact id: '94f94eb0dfd4076404de73dbaa78a4e2') in 0.013723 seconds
  Import took 0.019103 seconds .

========================================================================
Received Import Request.
  Time since last request: 3.614030 seconds.
  path: Assets/Prefabs/Food.prefab
  artifactKey: Guid(f490bd7e08eed124aa95c1dc2b6d68b3) Importer(815301076,1909f56bfc062723c751e8b465ee728b)
Start importing Assets/Prefabs/Food.prefab using Guid(f490bd7e08eed124aa95c1dc2b6d68b3) Importer(815301076,1909f56bfc062723c751e8b465ee728b)  -> (artifact id: '356951d107cf5104f3fc7bfa8b9d94ac') in 0.021334 seconds
  Import took 0.027612 seconds .

========================================================================
Received Import Request.
  Time since last request: 3.815772 seconds.
  path: Assets/Prefabs/Ground0000_0.prefab
  artifactKey: Guid(829b200973bd79f4fbaa379a8c7a77b8) Importer(815301076,1909f56bfc062723c751e8b465ee728b)
Start importing Assets/Prefabs/Ground0000_0.prefab using Guid(829b200973bd79f4fbaa379a8c7a77b8) Importer(815301076,1909f56bfc062723c751e8b465ee728b)  -> (artifact id: '8c47e49adc87bc8f53d079796ddec952') in 0.016269 seconds
  Import took 0.021360 seconds .

========================================================================
Received Import Request.
  Time since last request: 2.189527 seconds.
  path: Assets/Prefabs/Ground0000_1.prefab
  artifactKey: Guid(81e93d6a9673b4441bdae06b3da82c3d) Importer(815301076,1909f56bfc062723c751e8b465ee728b)
Start importing Assets/Prefabs/Ground0000_1.prefab using Guid(81e93d6a9673b4441bdae06b3da82c3d) Importer(815301076,1909f56bfc062723c751e8b465ee728b)  -> (artifact id: '9f28e142c47e0c9ed1e43b8821295746') in 0.017105 seconds
  Import took 0.021729 seconds .

========================================================================
Received Import Request.
  Time since last request: 2.138960 seconds.
  path: Assets/Prefabs/Ground0000_2.prefab
  artifactKey: Guid(223f5996505c7ed4c9f62392f8ea9f1e) Importer(815301076,1909f56bfc062723c751e8b465ee728b)
Start importing Assets/Prefabs/Ground0000_2.prefab using Guid(223f5996505c7ed4c9f62392f8ea9f1e) Importer(815301076,1909f56bfc062723c751e8b465ee728b)  -> (artifact id: 'd609c5c416de940da506898c61dd002c') in 0.016910 seconds
  Import took 0.021830 seconds .

========================================================================
Received Import Request.
  Time since last request: 2.509642 seconds.
  path: Assets/Prefabs/Ground0000_3.prefab
  artifactKey: Guid(199f6255752923b479669d9f77ea705a) Importer(815301076,1909f56bfc062723c751e8b465ee728b)
Start importing Assets/Prefabs/Ground0000_3.prefab using Guid(199f6255752923b479669d9f77ea705a) Importer(815301076,1909f56bfc062723c751e8b465ee728b)  -> (artifact id: '7b2de605fb775a7ba4ee0f5c97b50f73') in 0.020196 seconds
  Import took 0.025096 seconds .

========================================================================
Received Import Request.
  Time since last request: 2.773399 seconds.
  path: Assets/Prefabs/OuterWall1.prefab
  artifactKey: Guid(f4b060c0541870d48ac694a455290429) Importer(815301076,1909f56bfc062723c751e8b465ee728b)
Start importing Assets/Prefabs/OuterWall1.prefab using Guid(f4b060c0541870d48ac694a455290429) Importer(815301076,1909f56bfc062723c751e8b465ee728b)  -> (artifact id: '8849e544119ecebf69a778781439c203') in 0.019440 seconds
  Import took 0.024568 seconds .

========================================================================
Received Import Request.
  Time since last request: 7.789051 seconds.
  path: Assets/Prefabs/OuterWall2.prefab
  artifactKey: Guid(7ff4c7f81f99fd449a2119bc1144fe86) Importer(815301076,1909f56bfc062723c751e8b465ee728b)
Start importing Assets/Prefabs/OuterWall2.prefab using Guid(7ff4c7f81f99fd449a2119bc1144fe86) Importer(815301076,1909f56bfc062723c751e8b465ee728b)  -> (artifact id: '269c77787ad17d4500da7867a9685d6b') in 0.025857 seconds
  Import took 0.030921 seconds .

========================================================================
Received Import Request.
  Time since last request: 7.496943 seconds.
  path: Assets/Prefabs/OuterWall3.prefab
  artifactKey: Guid(3f71979efd19fe74496f6286c36ea9e8) Importer(815301076,1909f56bfc062723c751e8b465ee728b)
Start importing Assets/Prefabs/OuterWall3.prefab using Guid(3f71979efd19fe74496f6286c36ea9e8) Importer(815301076,1909f56bfc062723c751e8b465ee728b)  -> (artifact id: 'd0f1fb60a1160c3d70cc83e9307ea87d') in 0.045680 seconds
  Import took 0.057931 seconds .

========================================================================
Received Import Request.
  Time since last request: 2.860237 seconds.
  path: Assets/Prefabs/Player.prefab
  artifactKey: Guid(5c7ac5f0cab56d4428773cd0b51397bd) Importer(815301076,1909f56bfc062723c751e8b465ee728b)
Start importing Assets/Prefabs/Player.prefab using Guid(5c7ac5f0cab56d4428773cd0b51397bd) Importer(815301076,1909f56bfc062723c751e8b465ee728b)  -> (artifact id: 'eef249429b430717762a6a6cd9523202') in 0.008084 seconds
  Import took 0.013058 seconds .

========================================================================
Received Import Request.
  Time since last request: 0.005869 seconds.
  path: Assets/Prefabs/Player.prefab
  artifactKey: Guid(5c7ac5f0cab56d4428773cd0b51397bd) Importer(815301076,1909f56bfc062723c751e8b465ee728b)
Start importing Assets/Prefabs/Player.prefab using Guid(5c7ac5f0cab56d4428773cd0b51397bd) Importer(815301076,1909f56bfc062723c751e8b465ee728b)  -> (artifact id: 'eef249429b430717762a6a6cd9523202') in 0.005389 seconds
  Import took 0.010309 seconds .

========================================================================
Received Import Request.
  Time since last request: 3.938701 seconds.
  path: Assets/Prefabs/Soda.prefab
  artifactKey: Guid(73952e35615c9484aaff483804a2c963) Importer(815301076,1909f56bfc062723c751e8b465ee728b)
Start importing Assets/Prefabs/Soda.prefab using Guid(73952e35615c9484aaff483804a2c963) Importer(815301076,1909f56bfc062723c751e8b465ee728b)  -> (artifact id: 'f00221936aa09de88e6d1767a11d5cef') in 0.023382 seconds
  Import took 0.030396 seconds .

========================================================================
Received Import Request.
  Time since last request: 5.133724 seconds.
  path: Assets/Prefabs/Wall1.prefab
  artifactKey: Guid(9b8490a008a415c4885a8786274ee3ba) Importer(815301076,1909f56bfc062723c751e8b465ee728b)
Start importing Assets/Prefabs/Wall1.prefab using Guid(9b8490a008a415c4885a8786274ee3ba) Importer(815301076,1909f56bfc062723c751e8b465ee728b)  -> (artifact id: 'd921520773c6ebed6917a18a42f14764') in 0.018444 seconds
  Import took 0.023959 seconds .

========================================================================
Received Import Request.
  Time since last request: 0.001078 seconds.
  path: Assets/Prefabs/Wall1.prefab
  artifactKey: Guid(9b8490a008a415c4885a8786274ee3ba) Importer(815301076,1909f56bfc062723c751e8b465ee728b)
Start importing Assets/Prefabs/Wall1.prefab using Guid(9b8490a008a415c4885a8786274ee3ba) Importer(815301076,1909f56bfc062723c751e8b465ee728b)  -> (artifact id: 'd921520773c6ebed6917a18a42f14764') in 0.011897 seconds
  Import took 0.017141 seconds .

========================================================================
Received Import Request.
  Time since last request: 0.000147 seconds.
  path: Assets/Prefabs/Wall6.prefab
  artifactKey: Guid(b17ef71ef23f86243a1384562bd7ccd7) Importer(815301076,1909f56bfc062723c751e8b465ee728b)
Start importing Assets/Prefabs/Wall6.prefab using Guid(b17ef71ef23f86243a1384562bd7ccd7) Importer(815301076,1909f56bfc062723c751e8b465ee728b)  -> (artifact id: '0d174a85a345d8428041fa98209b1fa4') in 0.012143 seconds
  Import took 0.018003 seconds .

========================================================================
Received Import Request.
  Time since last request: 0.000150 seconds.
  path: Assets/Prefabs/Wall4.prefab
  artifactKey: Guid(d46a27a85fee6394d9a76ace302ee473) Importer(815301076,1909f56bfc062723c751e8b465ee728b)
Start importing Assets/Prefabs/Wall4.prefab using Guid(d46a27a85fee6394d9a76ace302ee473) Importer(815301076,1909f56bfc062723c751e8b465ee728b)  -> (artifact id: '687a0fec3cfbe1dd6d3d38ec53293ee4') in 0.016862 seconds
  Import took 0.021965 seconds .

========================================================================
Received Import Request.
  Time since last request: 0.000138 seconds.
  path: Assets/Prefabs/Wall3.prefab
  artifactKey: Guid(a6b124aedc0a53f44aff80aef4be2724) Importer(815301076,1909f56bfc062723c751e8b465ee728b)
Start importing Assets/Prefabs/Wall3.prefab using Guid(a6b124aedc0a53f44aff80aef4be2724) Importer(815301076,1909f56bfc062723c751e8b465ee728b)  -> (artifact id: '916fe6defd259a1b2f5b312d23ed27ff') in 0.022554 seconds
  Import took 0.027650 seconds .

========================================================================
Received Import Request.
  Time since last request: 0.000156 seconds.
  path: Assets/Prefabs/Wall7.prefab
  artifactKey: Guid(82e9f05230016df49aef3a754afa001a) Importer(815301076,1909f56bfc062723c751e8b465ee728b)
Start importing Assets/Prefabs/Wall7.prefab using Guid(82e9f05230016df49aef3a754afa001a) Importer(815301076,1909f56bfc062723c751e8b465ee728b)  -> (artifact id: '870b24c684d597d718e203343b4f9ff3') in 0.013779 seconds
  Import took 0.018873 seconds .

========================================================================
Received Import Request.
  Time since last request: 0.000132 seconds.
  path: Assets/Prefabs/Wall2.prefab
  artifactKey: Guid(e57959e5e63e7c14fbd2bccd111f0962) Importer(815301076,1909f56bfc062723c751e8b465ee728b)
Start importing Assets/Prefabs/Wall2.prefab using Guid(e57959e5e63e7c14fbd2bccd111f0962) Importer(815301076,1909f56bfc062723c751e8b465ee728b)  -> (artifact id: 'f4e8fa1049c7b8ebfb9459479b2d600c') in 0.021458 seconds
  Import took 0.026208 seconds .

========================================================================
Received Import Request.
  Time since last request: 0.000155 seconds.
  path: Assets/Prefabs/Wall8.prefab
  artifactKey: Guid(fb6aca3db9e13ca4e8c5a8cf14001520) Importer(815301076,1909f56bfc062723c751e8b465ee728b)
Start importing Assets/Prefabs/Wall8.prefab using Guid(fb6aca3db9e13ca4e8c5a8cf14001520) Importer(815301076,1909f56bfc062723c751e8b465ee728b)  -> (artifact id: '0cdbb59af319609129bda1b88cba9554') in 0.017869 seconds
  Import took 0.022912 seconds .

========================================================================
Received Import Request.
  Time since last request: 0.000154 seconds.
  path: Assets/Prefabs/Wall5.prefab
  artifactKey: Guid(3bb4666727e74da4f8bb2216fbf7d90f) Importer(815301076,1909f56bfc062723c751e8b465ee728b)
Start importing Assets/Prefabs/Wall5.prefab using Guid(3bb4666727e74da4f8bb2216fbf7d90f) Importer(815301076,1909f56bfc062723c751e8b465ee728b)  -> (artifact id: '62d8dd50d8a23eb4932a5c25b574b76d') in 0.014972 seconds
  Import took 0.019838 seconds .

========================================================================
Received Prepare
Reloading mono domain
Begin MonoManager ReloadAssembly
Registering precompiled unity dll's ...
Register platform support module: A:/Program Files/Unity/Hub/Editor/2020.2.0b8/Editor/Data/PlaybackEngines/WindowsStandaloneSupport/UnityEditor.WindowsStandalone.Extensions.dll
Registered in 0.001026 seconds.
Symbol file LoadedFromMemory doesn't match image A:\2DRoguelike\2D-roguelike-2\2D Roguelike 2\Library\PackageCache\com.unity.ext.nunit@1.0.0\net35\unity-custom\nunit.framework.dll
Native extension for WindowsStandalone target not found
Refreshing native plugins compatible for Editor in 48.01 ms, found 1 plugins.
Preloading 0 native plugins for Editor in 0.00 ms.
Invoked RoslynAnalysisRunner static constructor.
RoslynAnalysisRunner will not be running.
RoslynAnalysisRunner has terminated.
Mono: successfully reloaded assembly
- Completed reload, in  0.902 seconds
Platform modules already initialized, skipping
Registering precompiled user dll's ...
Registered in 0.001419 seconds.
Begin MonoManager ReloadAssembly
Symbol file LoadedFromMemory doesn't match image A:\2DRoguelike\2D-roguelike-2\2D Roguelike 2\Library\PackageCache\com.unity.ext.nunit@1.0.0\net35\unity-custom\nunit.framework.dll
Native extension for WindowsStandalone target not found
Refreshing native plugins compatible for Editor in 0.41 ms, found 1 plugins.
Preloading 0 native plugins for Editor in 0.00 ms.
Invoked RoslynAnalysisRunner static constructor.
RoslynAnalysisRunner will not be running.
RoslynAnalysisRunner has terminated.
Mono: successfully reloaded assembly
- Completed reload, in  0.862 seconds
Platform modules already initialized, skipping
Shader 'Universal Render Pipeline/Particles/Lit': fallback shader 'Universal Render Pipeline/Particles/SimpleLit' not found
Refreshing native plugins compatible for Editor in 0.41 ms, found 1 plugins.
Preloading 0 native plugins for Editor in 0.00 ms.
Unloading 62 Unused Serialized files (Serialized files now loaded: 0)
System memory in use before: 73.4 MB.
System memory in use after: 73.5 MB.

Unloading 14 unused Assets to reduce memory usage. Loaded Objects now: 3380.
Total: 2.332200 ms (FindLiveObjects: 0.427300 ms CreateObjectMapping: 0.151300 ms MarkObjects: 1.672600 ms  DeleteObjects: 0.080300 ms)

AssetImportWorkerClient::OnTransportError - code=2 error=End of file
